Analysis & Synthesis report for Lab5
Wed Mar 01 20:07:04 2023
Quartus Prime Version 18.1.0 Build 625 09/12/2018 SJ Lite Edition


---------------------
; Table of Contents ;
---------------------
  1. Legal Notice
  2. Analysis & Synthesis Summary
  3. Analysis & Synthesis Settings
  4. Parallel Compilation
  5. Analysis & Synthesis Source Files Read
  6. Analysis & Synthesis Resource Usage Summary
  7. Analysis & Synthesis Resource Utilization by Entity
  8. State Machine - |slc3_testtop|slc3:slc|ISDU:state_controller|State
  9. Registers Removed During Synthesis
 10. General Register Statistics
 11. Multiplexer Restructuring Statistics (Restructuring Performed)
 12. Parameter Settings for User Entity Instance: test_memory:mem
 13. Parameter Settings for User Entity Instance: test_memory:mem|memory_parser:parser
 14. Port Connectivity Checks: "slc3:slc|ISDU:state_controller"
 15. Port Connectivity Checks: "slc3:slc|datapath:d0|ADDR_MUX_UNIT:adder_unit|mux4_1_16:ADDR2_MUX_UNIT"
 16. Port Connectivity Checks: "slc3:slc|datapath:d0|REGFILE:registers|mux2_1_3:DRMUX_UNIT"
 17. Port Connectivity Checks: "slc3:slc"
 18. Post-Synthesis Netlist Statistics for Top Partition
 19. Elapsed Time Per Partition
 20. Analysis & Synthesis Messages
 21. Analysis & Synthesis Suppressed Messages



----------------
; Legal Notice ;
----------------
Copyright (C) 2018  Intel Corporation. All rights reserved.
Your use of Intel Corporation's design tools, logic functions 
and other software and tools, and its AMPP partner logic 
functions, and any output files from any of the foregoing 
(including device programming or simulation files), and any 
associated documentation or information are expressly subject 
to the terms and conditions of the Intel Program License 
Subscription Agreement, the Intel Quartus Prime License Agreement,
the Intel FPGA IP License Agreement, or other applicable license
agreement, including, without limitation, that your use is for
the sole purpose of programming logic devices manufactured by
Intel and sold by Intel or its authorized distributors.  Please
refer to the applicable agreement for further details.



+----------------------------------------------------------------------------------+
; Analysis & Synthesis Summary                                                     ;
+------------------------------------+---------------------------------------------+
; Analysis & Synthesis Status        ; Successful - Wed Mar 01 20:07:04 2023       ;
; Quartus Prime Version              ; 18.1.0 Build 625 09/12/2018 SJ Lite Edition ;
; Revision Name                      ; Lab5                                        ;
; Top-level Entity Name              ; slc3_testtop                                ;
; Family                             ; MAX 10                                      ;
; Total logic elements               ; 587                                         ;
;     Total combinational functions  ; 441                                         ;
;     Dedicated logic registers      ; 223                                         ;
; Total registers                    ; 223                                         ;
; Total pins                         ; 115                                         ;
; Total virtual pins                 ; 0                                           ;
; Total memory bits                  ; 0                                           ;
; Embedded Multiplier 9-bit elements ; 0                                           ;
; Total PLLs                         ; 0                                           ;
; UFM blocks                         ; 0                                           ;
; ADC blocks                         ; 0                                           ;
+------------------------------------+---------------------------------------------+


+------------------------------------------------------------------------------------------------------------+
; Analysis & Synthesis Settings                                                                              ;
+------------------------------------------------------------------+--------------------+--------------------+
; Option                                                           ; Setting            ; Default Value      ;
+------------------------------------------------------------------+--------------------+--------------------+
; Device                                                           ; 10M50DAF484C7G     ;                    ;
; Top-level entity name                                            ; slc3_testtop       ; Lab5               ;
; Family name                                                      ; MAX 10             ; Cyclone V          ;
; Use smart compilation                                            ; Off                ; Off                ;
; Enable parallel Assembler and Timing Analyzer during compilation ; On                 ; On                 ;
; Enable compact report table                                      ; Off                ; Off                ;
; Restructure Multiplexers                                         ; Auto               ; Auto               ;
; Create Debugging Nodes for IP Cores                              ; Off                ; Off                ;
; Preserve fewer node names                                        ; On                 ; On                 ;
; Intel FPGA IP Evaluation Mode                                    ; Enable             ; Enable             ;
; Verilog Version                                                  ; Verilog_2001       ; Verilog_2001       ;
; VHDL Version                                                     ; VHDL_1993          ; VHDL_1993          ;
; State Machine Processing                                         ; Auto               ; Auto               ;
; Safe State Machine                                               ; Off                ; Off                ;
; Extract Verilog State Machines                                   ; On                 ; On                 ;
; Extract VHDL State Machines                                      ; On                 ; On                 ;
; Ignore Verilog initial constructs                                ; Off                ; Off                ;
; Iteration limit for constant Verilog loops                       ; 5000               ; 5000               ;
; Iteration limit for non-constant Verilog loops                   ; 250                ; 250                ;
; Add Pass-Through Logic to Inferred RAMs                          ; On                 ; On                 ;
; Infer RAMs from Raw Logic                                        ; On                 ; On                 ;
; Parallel Synthesis                                               ; On                 ; On                 ;
; DSP Block Balancing                                              ; Auto               ; Auto               ;
; NOT Gate Push-Back                                               ; On                 ; On                 ;
; Power-Up Don't Care                                              ; On                 ; On                 ;
; Remove Redundant Logic Cells                                     ; Off                ; Off                ;
; Remove Duplicate Registers                                       ; On                 ; On                 ;
; Ignore CARRY Buffers                                             ; Off                ; Off                ;
; Ignore CASCADE Buffers                                           ; Off                ; Off                ;
; Ignore GLOBAL Buffers                                            ; Off                ; Off                ;
; Ignore ROW GLOBAL Buffers                                        ; Off                ; Off                ;
; Ignore LCELL Buffers                                             ; Off                ; Off                ;
; Ignore SOFT Buffers                                              ; On                 ; On                 ;
; Limit AHDL Integers to 32 Bits                                   ; Off                ; Off                ;
; Optimization Technique                                           ; Balanced           ; Balanced           ;
; Carry Chain Length                                               ; 70                 ; 70                 ;
; Auto Carry Chains                                                ; On                 ; On                 ;
; Auto Open-Drain Pins                                             ; On                 ; On                 ;
; Perform WYSIWYG Primitive Resynthesis                            ; Off                ; Off                ;
; Auto ROM Replacement                                             ; On                 ; On                 ;
; Auto RAM Replacement                                             ; On                 ; On                 ;
; Auto DSP Block Replacement                                       ; On                 ; On                 ;
; Auto Shift Register Replacement                                  ; Auto               ; Auto               ;
; Allow Shift Register Merging across Hierarchies                  ; Auto               ; Auto               ;
; Auto Clock Enable Replacement                                    ; On                 ; On                 ;
; Strict RAM Replacement                                           ; Off                ; Off                ;
; Allow Synchronous Control Signals                                ; On                 ; On                 ;
; Force Use of Synchronous Clear Signals                           ; Off                ; Off                ;
; Auto RAM Block Balancing                                         ; On                 ; On                 ;
; Auto RAM to Logic Cell Conversion                                ; Off                ; Off                ;
; Auto Resource Sharing                                            ; Off                ; Off                ;
; Allow Any RAM Size For Recognition                               ; Off                ; Off                ;
; Allow Any ROM Size For Recognition                               ; Off                ; Off                ;
; Allow Any Shift Register Size For Recognition                    ; Off                ; Off                ;
; Use LogicLock Constraints during Resource Balancing              ; On                 ; On                 ;
; Ignore translate_off and synthesis_off directives                ; Off                ; Off                ;
; Timing-Driven Synthesis                                          ; On                 ; On                 ;
; Report Parameter Settings                                        ; On                 ; On                 ;
; Report Source Assignments                                        ; On                 ; On                 ;
; Report Connectivity Checks                                       ; On                 ; On                 ;
; Ignore Maximum Fan-Out Assignments                               ; Off                ; Off                ;
; Synchronization Register Chain Length                            ; 2                  ; 2                  ;
; Power Optimization During Synthesis                              ; Normal compilation ; Normal compilation ;
; HDL message level                                                ; Level2             ; Level2             ;
; Suppress Register Optimization Related Messages                  ; Off                ; Off                ;
; Number of Removed Registers Reported in Synthesis Report         ; 5000               ; 5000               ;
; Number of Swept Nodes Reported in Synthesis Report               ; 5000               ; 5000               ;
; Number of Inverted Registers Reported in Synthesis Report        ; 100                ; 100                ;
; Clock MUX Protection                                             ; On                 ; On                 ;
; Auto Gated Clock Conversion                                      ; Off                ; Off                ;
; Block Design Naming                                              ; Auto               ; Auto               ;
; SDC constraint protection                                        ; Off                ; Off                ;
; Synthesis Effort                                                 ; Auto               ; Auto               ;
; Shift Register Replacement - Allow Asynchronous Clear Signal     ; On                 ; On                 ;
; Pre-Mapping Resynthesis Optimization                             ; Off                ; Off                ;
; Analysis & Synthesis Message Level                               ; Medium             ; Medium             ;
; Disable Register Merging Across Hierarchies                      ; Auto               ; Auto               ;
; Resource Aware Inference For Block RAM                           ; On                 ; On                 ;
+------------------------------------------------------------------+--------------------+--------------------+


+------------------------------------------+
; Parallel Compilation                     ;
+----------------------------+-------------+
; Processors                 ; Number      ;
+----------------------------+-------------+
; Number detected on machine ; 8           ;
; Maximum allowed            ; 4           ;
;                            ;             ;
; Average used               ; 1.00        ;
; Maximum used               ; 1           ;
;                            ;             ;
; Usage by Processor         ; % Time Used ;
;     Processor 1            ; 100.0%      ;
+----------------------------+-------------+


+-------------------------------------------------------------------------------------------------------------------------------------------------------------------------------+
; Analysis & Synthesis Source Files Read                                                                                                                                        ;
+----------------------------------+-----------------+------------------------------+---------------------------------------------------------------------------------+---------+
; File Name with User-Entered Path ; Used in Netlist ; File Type                    ; File Name with Absolute Path                                                    ; Library ;
+----------------------------------+-----------------+------------------------------+---------------------------------------------------------------------------------+---------+
; Files/test_memory.sv             ; yes             ; User SystemVerilog HDL File  ; C:/Users/mggam/Documents/Sophomore/Sem 2/ECE 385/Lab 5/Files/test_memory.sv     ;         ;
; Files/synchronizers.sv           ; yes             ; User SystemVerilog HDL File  ; C:/Users/mggam/Documents/Sophomore/Sem 2/ECE 385/Lab 5/Files/synchronizers.sv   ;         ;
; Files/slc3_testtop.sv            ; yes             ; User SystemVerilog HDL File  ; C:/Users/mggam/Documents/Sophomore/Sem 2/ECE 385/Lab 5/Files/slc3_testtop.sv    ;         ;
; Files/SLC3_2.sv                  ; yes             ; User SystemVerilog HDL File  ; C:/Users/mggam/Documents/Sophomore/Sem 2/ECE 385/Lab 5/Files/SLC3_2.sv          ;         ;
; Files/slc3.sv                    ; yes             ; User SystemVerilog HDL File  ; C:/Users/mggam/Documents/Sophomore/Sem 2/ECE 385/Lab 5/Files/slc3.sv            ;         ;
; Files/memory_contents.sv         ; yes             ; User SystemVerilog HDL File  ; C:/Users/mggam/Documents/Sophomore/Sem 2/ECE 385/Lab 5/Files/memory_contents.sv ;         ;
; Files/Mem2IO.sv                  ; yes             ; User SystemVerilog HDL File  ; C:/Users/mggam/Documents/Sophomore/Sem 2/ECE 385/Lab 5/Files/Mem2IO.sv          ;         ;
; Files/ISDU.sv                    ; yes             ; User SystemVerilog HDL File  ; C:/Users/mggam/Documents/Sophomore/Sem 2/ECE 385/Lab 5/Files/ISDU.sv            ;         ;
; Files/HexDriver.sv               ; yes             ; User SystemVerilog HDL File  ; C:/Users/mggam/Documents/Sophomore/Sem 2/ECE 385/Lab 5/Files/HexDriver.sv       ;         ;
; Files/Reg_16.sv                  ; yes             ; User SystemVerilog HDL File  ; C:/Users/mggam/Documents/Sophomore/Sem 2/ECE 385/Lab 5/Files/Reg_16.sv          ;         ;
; Files/MUX_16.sv                  ; yes             ; User SystemVerilog HDL File  ; C:/Users/mggam/Documents/Sophomore/Sem 2/ECE 385/Lab 5/Files/MUX_16.sv          ;         ;
; Files/MUX_3.sv                   ; yes             ; User SystemVerilog HDL File  ; C:/Users/mggam/Documents/Sophomore/Sem 2/ECE 385/Lab 5/Files/MUX_3.sv           ;         ;
; Files/datapath.sv                ; yes             ; User SystemVerilog HDL File  ; C:/Users/mggam/Documents/Sophomore/Sem 2/ECE 385/Lab 5/Files/datapath.sv        ;         ;
; Files/addr_mux_unit.sv           ; yes             ; User SystemVerilog HDL File  ; C:/Users/mggam/Documents/Sophomore/Sem 2/ECE 385/Lab 5/Files/addr_mux_unit.sv   ;         ;
; Files/ALU.sv                     ; yes             ; User SystemVerilog HDL File  ; C:/Users/mggam/Documents/Sophomore/Sem 2/ECE 385/Lab 5/Files/ALU.sv             ;         ;
; Files/REGFILE.sv                 ; yes             ; User SystemVerilog HDL File  ; C:/Users/mggam/Documents/Sophomore/Sem 2/ECE 385/Lab 5/Files/REGFILE.sv         ;         ;
; Files/BRANCH_UNIT.sv             ; yes             ; User SystemVerilog HDL File  ; C:/Users/mggam/Documents/Sophomore/Sem 2/ECE 385/Lab 5/Files/BRANCH_UNIT.sv     ;         ;
+----------------------------------+-----------------+------------------------------+---------------------------------------------------------------------------------+---------+


+---------------------------------------------------------+
; Analysis & Synthesis Resource Usage Summary             ;
+---------------------------------------------+-----------+
; Resource                                    ; Usage     ;
+---------------------------------------------+-----------+
; Estimated Total logic elements              ; 587       ;
;                                             ;           ;
; Total combinational functions               ; 441       ;
; Logic element usage by number of LUT inputs ;           ;
;     -- 4 input functions                    ; 272       ;
;     -- 3 input functions                    ; 143       ;
;     -- <=2 input functions                  ; 26        ;
;                                             ;           ;
; Logic elements by mode                      ;           ;
;     -- normal mode                          ; 396       ;
;     -- arithmetic mode                      ; 45        ;
;                                             ;           ;
; Total registers                             ; 223       ;
;     -- Dedicated logic registers            ; 223       ;
;     -- I/O registers                        ; 0         ;
;                                             ;           ;
; I/O pins                                    ; 115       ;
;                                             ;           ;
; Embedded Multiplier 9-bit elements          ; 0         ;
;                                             ;           ;
; Maximum fan-out node                        ; Clk~input ;
; Maximum fan-out                             ; 223       ;
; Total fan-out                               ; 2463      ;
; Average fan-out                             ; 2.76      ;
+---------------------------------------------+-----------+


+-------------------------------------------------------------------------------------------------------------------------------------------------------------------------------------------------------------------------------------------------------------------------------------------------------------------+
; Analysis & Synthesis Resource Utilization by Entity                                                                                                                                                                                                                                                               ;
+----------------------------------------+---------------------+---------------------------+-------------+------------+--------------+---------+-----------+------+--------------+------------+--------------------------------------------------------------------------------------+---------------+--------------+
; Compilation Hierarchy Node             ; Combinational ALUTs ; Dedicated Logic Registers ; Memory Bits ; UFM Blocks ; DSP Elements ; DSP 9x9 ; DSP 18x18 ; Pins ; Virtual Pins ; ADC blocks ; Full Hierarchy Name                                                                  ; Entity Name   ; Library Name ;
+----------------------------------------+---------------------+---------------------------+-------------+------------+--------------+---------+-----------+------+--------------+------------+--------------------------------------------------------------------------------------+---------------+--------------+
; |slc3_testtop                          ; 441 (1)             ; 223 (0)                   ; 0           ; 0          ; 0            ; 0       ; 0         ; 115  ; 0            ; 0          ; |slc3_testtop                                                                        ; slc3_testtop  ; work         ;
;    |slc3:slc|                          ; 440 (0)             ; 221 (0)                   ; 0           ; 0          ; 0            ; 0       ; 0         ; 0    ; 0            ; 0          ; |slc3_testtop|slc3:slc                                                               ; slc3          ; work         ;
;       |ISDU:state_controller|          ; 49 (49)             ; 27 (27)                   ; 0           ; 0          ; 0            ; 0       ; 0         ; 0    ; 0            ; 0          ; |slc3_testtop|slc3:slc|ISDU:state_controller                                         ; ISDU          ; work         ;
;       |Mem2IO:memory_subsystem|        ; 5 (5)               ; 0 (0)                     ; 0           ; 0          ; 0            ; 0       ; 0         ; 0    ; 0            ; 0          ; |slc3_testtop|slc3:slc|Mem2IO:memory_subsystem                                       ; Mem2IO        ; work         ;
;       |datapath:d0|                    ; 386 (0)             ; 194 (0)                   ; 0           ; 0          ; 0            ; 0       ; 0         ; 0    ; 0            ; 0          ; |slc3_testtop|slc3:slc|datapath:d0                                                   ; datapath      ; work         ;
;          |ADDR_MUX_UNIT:adder_unit|    ; 46 (16)             ; 0 (0)                     ; 0           ; 0          ; 0            ; 0       ; 0         ; 0    ; 0            ; 0          ; |slc3_testtop|slc3:slc|datapath:d0|ADDR_MUX_UNIT:adder_unit                          ; ADDR_MUX_UNIT ; work         ;
;             |mux2_1_16:ADDR1MUX_UNIT|  ; 16 (16)             ; 0 (0)                     ; 0           ; 0          ; 0            ; 0       ; 0         ; 0    ; 0            ; 0          ; |slc3_testtop|slc3:slc|datapath:d0|ADDR_MUX_UNIT:adder_unit|mux2_1_16:ADDR1MUX_UNIT  ; mux2_1_16     ; work         ;
;             |mux4_1_16:ADDR2_MUX_UNIT| ; 14 (14)             ; 0 (0)                     ; 0           ; 0          ; 0            ; 0       ; 0         ; 0    ; 0            ; 0          ; |slc3_testtop|slc3:slc|datapath:d0|ADDR_MUX_UNIT:adder_unit|mux4_1_16:ADDR2_MUX_UNIT ; mux4_1_16     ; work         ;
;          |ALU:alu_unit|                ; 127 (32)            ; 0 (0)                     ; 0           ; 0          ; 0            ; 0       ; 0         ; 0    ; 0            ; 0          ; |slc3_testtop|slc3:slc|datapath:d0|ALU:alu_unit                                      ; ALU           ; work         ;
;             |mux2_1_16:SR2MUX_UNIT|    ; 95 (95)             ; 0 (0)                     ; 0           ; 0          ; 0            ; 0       ; 0         ; 0    ; 0            ; 0          ; |slc3_testtop|slc3:slc|datapath:d0|ALU:alu_unit|mux2_1_16:SR2MUX_UNIT                ; mux2_1_16     ; work         ;
;          |BRANCH_UNIT:br_unit|         ; 4 (4)               ; 2 (2)                     ; 0           ; 0          ; 0            ; 0       ; 0         ; 0    ; 0            ; 0          ; |slc3_testtop|slc3:slc|datapath:d0|BRANCH_UNIT:br_unit                               ; BRANCH_UNIT   ; work         ;
;          |REGFILE:registers|           ; 102 (96)            ; 128 (128)                 ; 0           ; 0          ; 0            ; 0       ; 0         ; 0    ; 0            ; 0          ; |slc3_testtop|slc3:slc|datapath:d0|REGFILE:registers                                 ; REGFILE       ; work         ;
;             |mux2_1_3:DRMUX_UNIT|      ; 3 (3)               ; 0 (0)                     ; 0           ; 0          ; 0            ; 0       ; 0         ; 0    ; 0            ; 0          ; |slc3_testtop|slc3:slc|datapath:d0|REGFILE:registers|mux2_1_3:DRMUX_UNIT             ; mux2_1_3      ; work         ;
;             |mux2_1_3:SR1MUX_UNIT|     ; 3 (3)               ; 0 (0)                     ; 0           ; 0          ; 0            ; 0       ; 0         ; 0    ; 0            ; 0          ; |slc3_testtop|slc3:slc|datapath:d0|REGFILE:registers|mux2_1_3:SR1MUX_UNIT            ; mux2_1_3      ; work         ;
;          |reg_16:IR_REG|               ; 1 (1)               ; 16 (16)                   ; 0           ; 0          ; 0            ; 0       ; 0         ; 0    ; 0            ; 0          ; |slc3_testtop|slc3:slc|datapath:d0|reg_16:IR_REG                                     ; reg_16        ; work         ;
;          |reg_16:MAR_REG|              ; 18 (18)             ; 16 (16)                   ; 0           ; 0          ; 0            ; 0       ; 0         ; 0    ; 0            ; 0          ; |slc3_testtop|slc3:slc|datapath:d0|reg_16:MAR_REG                                    ; reg_16        ; work         ;
;          |reg_16:MDR_REG|              ; 20 (20)             ; 16 (16)                   ; 0           ; 0          ; 0            ; 0       ; 0         ; 0    ; 0            ; 0          ; |slc3_testtop|slc3:slc|datapath:d0|reg_16:MDR_REG                                    ; reg_16        ; work         ;
;          |reg_16:PC_REG|               ; 18 (18)             ; 16 (16)                   ; 0           ; 0          ; 0            ; 0       ; 0         ; 0    ; 0            ; 0          ; |slc3_testtop|slc3:slc|datapath:d0|reg_16:PC_REG                                     ; reg_16        ; work         ;
;          |tristate_mux:tm1|            ; 50 (50)             ; 0 (0)                     ; 0           ; 0          ; 0            ; 0       ; 0         ; 0    ; 0            ; 0          ; |slc3_testtop|slc3:slc|datapath:d0|tristate_mux:tm1                                  ; tristate_mux  ; work         ;
;    |sync:button_sync[0]|               ; 0 (0)               ; 1 (1)                     ; 0           ; 0          ; 0            ; 0       ; 0         ; 0    ; 0            ; 0          ; |slc3_testtop|sync:button_sync[0]                                                    ; sync          ; work         ;
;    |sync:button_sync[1]|               ; 0 (0)               ; 1 (1)                     ; 0           ; 0          ; 0            ; 0       ; 0         ; 0    ; 0            ; 0          ; |slc3_testtop|sync:button_sync[1]                                                    ; sync          ; work         ;
+----------------------------------------+---------------------+---------------------------+-------------+------------+--------------+---------+-----------+------+--------------+------------+--------------------------------------------------------------------------------------+---------------+--------------+
Note: For table entries with two numbers listed, the numbers in parentheses indicate the number of resources of the given type used by the specific entity alone. The numbers listed outside of parentheses indicate the total resources of the given type used by the specific entity and all of its sub-entities in the hierarchy.


Encoding Type:  One-Hot
+-------------------------------------------------------------------------------------------------------------------------------------------------------------------------------------------------------------------------------------------------------------------------------------------------------------------------------------------------------------------------------------------------+
; State Machine - |slc3_testtop|slc3:slc|ISDU:state_controller|State                                                                                                                                                                                                                                                                                                                              ;
+----------------+------------+----------------+----------------+-----------+------------+------------+--------------+--------------+--------------+------------+------------+------------+-----------+------------+--------------+--------------+------------+------------+-----------+------------+--------------+--------------+------------+-----------+-----------+-----------+--------------+
; Name           ; State.S_01 ; State.PauseIR2 ; State.PauseIR1 ; State.S_0 ; State.S_32 ; State.S_35 ; State.S_33_3 ; State.S_33_2 ; State.S_33_1 ; State.S_18 ; State.S_22 ; State.S_12 ; State.S_4 ; State.S_21 ; State.S_16_2 ; State.S_16_1 ; State.S_16 ; State.S_23 ; State.S_7 ; State.S_27 ; State.S_25_2 ; State.S_25_1 ; State.S_25 ; State.S_6 ; State.S_9 ; State.S_5 ; State.Halted ;
+----------------+------------+----------------+----------------+-----------+------------+------------+--------------+--------------+--------------+------------+------------+------------+-----------+------------+--------------+--------------+------------+------------+-----------+------------+--------------+--------------+------------+-----------+-----------+-----------+--------------+
; State.Halted   ; 0          ; 0              ; 0              ; 0         ; 0          ; 0          ; 0            ; 0            ; 0            ; 0          ; 0          ; 0          ; 0         ; 0          ; 0            ; 0            ; 0          ; 0          ; 0         ; 0          ; 0            ; 0            ; 0          ; 0         ; 0         ; 0         ; 0            ;
; State.S_5      ; 0          ; 0              ; 0              ; 0         ; 0          ; 0          ; 0            ; 0            ; 0            ; 0          ; 0          ; 0          ; 0         ; 0          ; 0            ; 0            ; 0          ; 0          ; 0         ; 0          ; 0            ; 0            ; 0          ; 0         ; 0         ; 1         ; 1            ;
; State.S_9      ; 0          ; 0              ; 0              ; 0         ; 0          ; 0          ; 0            ; 0            ; 0            ; 0          ; 0          ; 0          ; 0         ; 0          ; 0            ; 0            ; 0          ; 0          ; 0         ; 0          ; 0            ; 0            ; 0          ; 0         ; 1         ; 0         ; 1            ;
; State.S_6      ; 0          ; 0              ; 0              ; 0         ; 0          ; 0          ; 0            ; 0            ; 0            ; 0          ; 0          ; 0          ; 0         ; 0          ; 0            ; 0            ; 0          ; 0          ; 0         ; 0          ; 0            ; 0            ; 0          ; 1         ; 0         ; 0         ; 1            ;
; State.S_25     ; 0          ; 0              ; 0              ; 0         ; 0          ; 0          ; 0            ; 0            ; 0            ; 0          ; 0          ; 0          ; 0         ; 0          ; 0            ; 0            ; 0          ; 0          ; 0         ; 0          ; 0            ; 0            ; 1          ; 0         ; 0         ; 0         ; 1            ;
; State.S_25_1   ; 0          ; 0              ; 0              ; 0         ; 0          ; 0          ; 0            ; 0            ; 0            ; 0          ; 0          ; 0          ; 0         ; 0          ; 0            ; 0            ; 0          ; 0          ; 0         ; 0          ; 0            ; 1            ; 0          ; 0         ; 0         ; 0         ; 1            ;
; State.S_25_2   ; 0          ; 0              ; 0              ; 0         ; 0          ; 0          ; 0            ; 0            ; 0            ; 0          ; 0          ; 0          ; 0         ; 0          ; 0            ; 0            ; 0          ; 0          ; 0         ; 0          ; 1            ; 0            ; 0          ; 0         ; 0         ; 0         ; 1            ;
; State.S_27     ; 0          ; 0              ; 0              ; 0         ; 0          ; 0          ; 0            ; 0            ; 0            ; 0          ; 0          ; 0          ; 0         ; 0          ; 0            ; 0            ; 0          ; 0          ; 0         ; 1          ; 0            ; 0            ; 0          ; 0         ; 0         ; 0         ; 1            ;
; State.S_7      ; 0          ; 0              ; 0              ; 0         ; 0          ; 0          ; 0            ; 0            ; 0            ; 0          ; 0          ; 0          ; 0         ; 0          ; 0            ; 0            ; 0          ; 0          ; 1         ; 0          ; 0            ; 0            ; 0          ; 0         ; 0         ; 0         ; 1            ;
; State.S_23     ; 0          ; 0              ; 0              ; 0         ; 0          ; 0          ; 0            ; 0            ; 0            ; 0          ; 0          ; 0          ; 0         ; 0          ; 0            ; 0            ; 0          ; 1          ; 0         ; 0          ; 0            ; 0            ; 0          ; 0         ; 0         ; 0         ; 1            ;
; State.S_16     ; 0          ; 0              ; 0              ; 0         ; 0          ; 0          ; 0            ; 0            ; 0            ; 0          ; 0          ; 0          ; 0         ; 0          ; 0            ; 0            ; 1          ; 0          ; 0         ; 0          ; 0            ; 0            ; 0          ; 0         ; 0         ; 0         ; 1            ;
; State.S_16_1   ; 0          ; 0              ; 0              ; 0         ; 0          ; 0          ; 0            ; 0            ; 0            ; 0          ; 0          ; 0          ; 0         ; 0          ; 0            ; 1            ; 0          ; 0          ; 0         ; 0          ; 0            ; 0            ; 0          ; 0         ; 0         ; 0         ; 1            ;
; State.S_16_2   ; 0          ; 0              ; 0              ; 0         ; 0          ; 0          ; 0            ; 0            ; 0            ; 0          ; 0          ; 0          ; 0         ; 0          ; 1            ; 0            ; 0          ; 0          ; 0         ; 0          ; 0            ; 0            ; 0          ; 0         ; 0         ; 0         ; 1            ;
; State.S_21     ; 0          ; 0              ; 0              ; 0         ; 0          ; 0          ; 0            ; 0            ; 0            ; 0          ; 0          ; 0          ; 0         ; 1          ; 0            ; 0            ; 0          ; 0          ; 0         ; 0          ; 0            ; 0            ; 0          ; 0         ; 0         ; 0         ; 1            ;
; State.S_4      ; 0          ; 0              ; 0              ; 0         ; 0          ; 0          ; 0            ; 0            ; 0            ; 0          ; 0          ; 0          ; 1         ; 0          ; 0            ; 0            ; 0          ; 0          ; 0         ; 0          ; 0            ; 0            ; 0          ; 0         ; 0         ; 0         ; 1            ;
; State.S_12     ; 0          ; 0              ; 0              ; 0         ; 0          ; 0          ; 0            ; 0            ; 0            ; 0          ; 0          ; 1          ; 0         ; 0          ; 0            ; 0            ; 0          ; 0          ; 0         ; 0          ; 0            ; 0            ; 0          ; 0         ; 0         ; 0         ; 1            ;
; State.S_22     ; 0          ; 0              ; 0              ; 0         ; 0          ; 0          ; 0            ; 0            ; 0            ; 0          ; 1          ; 0          ; 0         ; 0          ; 0            ; 0            ; 0          ; 0          ; 0         ; 0          ; 0            ; 0            ; 0          ; 0         ; 0         ; 0         ; 1            ;
; State.S_18     ; 0          ; 0              ; 0              ; 0         ; 0          ; 0          ; 0            ; 0            ; 0            ; 1          ; 0          ; 0          ; 0         ; 0          ; 0            ; 0            ; 0          ; 0          ; 0         ; 0          ; 0            ; 0            ; 0          ; 0         ; 0         ; 0         ; 1            ;
; State.S_33_1   ; 0          ; 0              ; 0              ; 0         ; 0          ; 0          ; 0            ; 0            ; 1            ; 0          ; 0          ; 0          ; 0         ; 0          ; 0            ; 0            ; 0          ; 0          ; 0         ; 0          ; 0            ; 0            ; 0          ; 0         ; 0         ; 0         ; 1            ;
; State.S_33_2   ; 0          ; 0              ; 0              ; 0         ; 0          ; 0          ; 0            ; 1            ; 0            ; 0          ; 0          ; 0          ; 0         ; 0          ; 0            ; 0            ; 0          ; 0          ; 0         ; 0          ; 0            ; 0            ; 0          ; 0         ; 0         ; 0         ; 1            ;
; State.S_33_3   ; 0          ; 0              ; 0              ; 0         ; 0          ; 0          ; 1            ; 0            ; 0            ; 0          ; 0          ; 0          ; 0         ; 0          ; 0            ; 0            ; 0          ; 0          ; 0         ; 0          ; 0            ; 0            ; 0          ; 0         ; 0         ; 0         ; 1            ;
; State.S_35     ; 0          ; 0              ; 0              ; 0         ; 0          ; 1          ; 0            ; 0            ; 0            ; 0          ; 0          ; 0          ; 0         ; 0          ; 0            ; 0            ; 0          ; 0          ; 0         ; 0          ; 0            ; 0            ; 0          ; 0         ; 0         ; 0         ; 1            ;
; State.S_32     ; 0          ; 0              ; 0              ; 0         ; 1          ; 0          ; 0            ; 0            ; 0            ; 0          ; 0          ; 0          ; 0         ; 0          ; 0            ; 0            ; 0          ; 0          ; 0         ; 0          ; 0            ; 0            ; 0          ; 0         ; 0         ; 0         ; 1            ;
; State.S_0      ; 0          ; 0              ; 0              ; 1         ; 0          ; 0          ; 0            ; 0            ; 0            ; 0          ; 0          ; 0          ; 0         ; 0          ; 0            ; 0            ; 0          ; 0          ; 0         ; 0          ; 0            ; 0            ; 0          ; 0         ; 0         ; 0         ; 1            ;
; State.PauseIR1 ; 0          ; 0              ; 1              ; 0         ; 0          ; 0          ; 0            ; 0            ; 0            ; 0          ; 0          ; 0          ; 0         ; 0          ; 0            ; 0            ; 0          ; 0          ; 0         ; 0          ; 0            ; 0            ; 0          ; 0         ; 0         ; 0         ; 1            ;
; State.PauseIR2 ; 0          ; 1              ; 0              ; 0         ; 0          ; 0          ; 0            ; 0            ; 0            ; 0          ; 0          ; 0          ; 0         ; 0          ; 0            ; 0            ; 0          ; 0          ; 0         ; 0          ; 0            ; 0            ; 0          ; 0         ; 0         ; 0         ; 1            ;
; State.S_01     ; 1          ; 0              ; 0              ; 0         ; 0          ; 0          ; 0            ; 0            ; 0            ; 0          ; 0          ; 0          ; 0         ; 0          ; 0            ; 0            ; 0          ; 0          ; 0         ; 0          ; 0            ; 0            ; 0          ; 0         ; 0         ; 0         ; 1            ;
+----------------+------------+----------------+----------------+-----------+------------+------------+--------------+--------------+--------------+------------+------------+------------+-----------+------------+--------------+--------------+------------+------------+-----------+------------+--------------+--------------+------------+-----------+-----------+-----------+--------------+


+-------------------------------------------------------------------------------------------+
; Registers Removed During Synthesis                                                        ;
+--------------------------------------------------+----------------------------------------+
; Register name                                    ; Reason for Removal                     ;
+--------------------------------------------------+----------------------------------------+
; slc3:slc|Mem2IO:memory_subsystem|hex_data[0..15] ; Stuck at GND due to stuck port data_in ;
; slc3:slc|ISDU:state_controller|State~2           ; Lost fanout                            ;
; slc3:slc|ISDU:state_controller|State~3           ; Lost fanout                            ;
; slc3:slc|ISDU:state_controller|State~4           ; Lost fanout                            ;
; slc3:slc|ISDU:state_controller|State~5           ; Lost fanout                            ;
; slc3:slc|ISDU:state_controller|State~6           ; Lost fanout                            ;
; Total Number of Removed Registers = 21           ;                                        ;
+--------------------------------------------------+----------------------------------------+


+------------------------------------------------------+
; General Register Statistics                          ;
+----------------------------------------------+-------+
; Statistic                                    ; Value ;
+----------------------------------------------+-------+
; Total registers                              ; 223   ;
; Number of registers using Synchronous Clear  ; 26    ;
; Number of registers using Synchronous Load   ; 26    ;
; Number of registers using Asynchronous Clear ; 0     ;
; Number of registers using Asynchronous Load  ; 0     ;
; Number of registers using Clock Enable       ; 192   ;
; Number of registers using Preset             ; 0     ;
+----------------------------------------------+-------+


+---------------------------------------------------------------------------------------------------------------------------------------------------------------------------------------------------------+
; Multiplexer Restructuring Statistics (Restructuring Performed)                                                                                                                                          ;
+--------------------+-----------+---------------+----------------------+------------------------+------------+-------------------------------------------------------------------------------------------+
; Multiplexer Inputs ; Bus Width ; Baseline Area ; Area if Restructured ; Saving if Restructured ; Registered ; Example Multiplexer Output                                                                ;
+--------------------+-----------+---------------+----------------------+------------------------+------------+-------------------------------------------------------------------------------------------+
; 3:1                ; 16 bits   ; 32 LEs        ; 16 LEs               ; 16 LEs                 ; Yes        ; |slc3_testtop|slc3:slc|datapath:d0|reg_16:IR_REG|output_vals[11]                          ;
; 3:1                ; 16 bits   ; 32 LEs        ; 16 LEs               ; 16 LEs                 ; Yes        ; |slc3_testtop|slc3:slc|datapath:d0|reg_16:MAR_REG|output_vals[10]                         ;
; 3:1                ; 16 bits   ; 32 LEs        ; 16 LEs               ; 16 LEs                 ; Yes        ; |slc3_testtop|slc3:slc|datapath:d0|REGFILE:registers|REG_FILE[0][0]                       ;
; 3:1                ; 16 bits   ; 32 LEs        ; 16 LEs               ; 16 LEs                 ; Yes        ; |slc3_testtop|slc3:slc|datapath:d0|REGFILE:registers|REG_FILE[1][14]                      ;
; 3:1                ; 16 bits   ; 32 LEs        ; 16 LEs               ; 16 LEs                 ; Yes        ; |slc3_testtop|slc3:slc|datapath:d0|REGFILE:registers|REG_FILE[2][3]                       ;
; 3:1                ; 16 bits   ; 32 LEs        ; 16 LEs               ; 16 LEs                 ; Yes        ; |slc3_testtop|slc3:slc|datapath:d0|REGFILE:registers|REG_FILE[3][6]                       ;
; 3:1                ; 16 bits   ; 32 LEs        ; 16 LEs               ; 16 LEs                 ; Yes        ; |slc3_testtop|slc3:slc|datapath:d0|REGFILE:registers|REG_FILE[4][12]                      ;
; 3:1                ; 16 bits   ; 32 LEs        ; 16 LEs               ; 16 LEs                 ; Yes        ; |slc3_testtop|slc3:slc|datapath:d0|REGFILE:registers|REG_FILE[5][4]                       ;
; 3:1                ; 16 bits   ; 32 LEs        ; 16 LEs               ; 16 LEs                 ; Yes        ; |slc3_testtop|slc3:slc|datapath:d0|REGFILE:registers|REG_FILE[6][4]                       ;
; 3:1                ; 16 bits   ; 32 LEs        ; 16 LEs               ; 16 LEs                 ; Yes        ; |slc3_testtop|slc3:slc|datapath:d0|REGFILE:registers|REG_FILE[7][4]                       ;
; 4:1                ; 6 bits    ; 12 LEs        ; 6 LEs                ; 6 LEs                  ; Yes        ; |slc3_testtop|slc3:slc|datapath:d0|reg_16:MDR_REG|output_vals[14]                         ;
; 4:1                ; 16 bits   ; 32 LEs        ; 32 LEs               ; 0 LEs                  ; Yes        ; |slc3_testtop|slc3:slc|datapath:d0|reg_16:PC_REG|output_vals[13]                          ;
; 5:1                ; 10 bits   ; 30 LEs        ; 20 LEs               ; 10 LEs                 ; Yes        ; |slc3_testtop|slc3:slc|datapath:d0|reg_16:MDR_REG|output_vals[7]                          ;
; 3:1                ; 2 bits    ; 4 LEs         ; 4 LEs                ; 0 LEs                  ; No         ; |slc3_testtop|slc3:slc|datapath:d0|ADDR_MUX_UNIT:adder_unit|mux4_1_16:ADDR2_MUX_UNIT|Mux6 ;
; 8:1                ; 16 bits   ; 80 LEs        ; 80 LEs               ; 0 LEs                  ; No         ; |slc3_testtop|slc3:slc|datapath:d0|REGFILE:registers|Mux8                                 ;
; 9:1                ; 16 bits   ; 96 LEs        ; 96 LEs               ; 0 LEs                  ; No         ; |slc3_testtop|slc3:slc|datapath:d0|ALU:alu_unit|mux2_1_16:SR2MUX_UNIT|Q_Out[15]           ;
; 6:1                ; 16 bits   ; 64 LEs        ; 64 LEs               ; 0 LEs                  ; No         ; |slc3_testtop|slc3:slc|datapath:d0|tristate_mux:tm1|Mux0                                  ;
+--------------------+-----------+---------------+----------------------+------------------------+------------+-------------------------------------------------------------------------------------------+


+--------------------------------------------------------------+
; Parameter Settings for User Entity Instance: test_memory:mem ;
+----------------+-------+-------------------------------------+
; Parameter Name ; Value ; Type                                ;
+----------------+-------+-------------------------------------+
; size           ; 256   ; Signed Integer                      ;
; init_external  ; 0     ; Signed Integer                      ;
+----------------+-------+-------------------------------------+
Note: In order to hide this table in the UI and the text report file, please set the "Show Parameter Settings in Synthesis Report" option in "Analysis and Synthesis Settings -> More Settings" to "Off".


+-----------------------------------------------------------------------------------+
; Parameter Settings for User Entity Instance: test_memory:mem|memory_parser:parser ;
+----------------+-------+----------------------------------------------------------+
; Parameter Name ; Value ; Type                                                     ;
+----------------+-------+----------------------------------------------------------+
; size           ; 256   ; Signed Integer                                           ;
+----------------+-------+----------------------------------------------------------+
Note: In order to hide this table in the UI and the text report file, please set the "Show Parameter Settings in Synthesis Report" option in "Analysis and Synthesis Settings -> More Settings" to "Off".


+------------------------------------------------------------------------------------------------------------------+
; Port Connectivity Checks: "slc3:slc|ISDU:state_controller"                                                       ;
+--------+--------+----------+-------------------------------------------------------------------------------------+
; Port   ; Type   ; Severity ; Details                                                                             ;
+--------+--------+----------+-------------------------------------------------------------------------------------+
; LD_LED ; Output ; Info     ; Connected to dangling logic. Logic that only feeds a dangling port will be removed. ;
+--------+--------+----------+-------------------------------------------------------------------------------------+


+----------------------------------------------------------------------------------------------------+
; Port Connectivity Checks: "slc3:slc|datapath:d0|ADDR_MUX_UNIT:adder_unit|mux4_1_16:ADDR2_MUX_UNIT" ;
+------+-------+----------+--------------------------------------------------------------------------+
; Port ; Type  ; Severity ; Details                                                                  ;
+------+-------+----------+--------------------------------------------------------------------------+
; A_In ; Input ; Info     ; Stuck at GND                                                             ;
+------+-------+----------+--------------------------------------------------------------------------+


+----------------------------------------------------------------------------------------+
; Port Connectivity Checks: "slc3:slc|datapath:d0|REGFILE:registers|mux2_1_3:DRMUX_UNIT" ;
+------+-------+----------+--------------------------------------------------------------+
; Port ; Type  ; Severity ; Details                                                      ;
+------+-------+----------+--------------------------------------------------------------+
; A_In ; Input ; Info     ; Stuck at VCC                                                 ;
+------+-------+----------+--------------------------------------------------------------+


+------------------------------------------------------------------------------------------------------------------------+
; Port Connectivity Checks: "slc3:slc"                                                                                   ;
+--------------+--------+----------+-------------------------------------------------------------------------------------+
; Port         ; Type   ; Severity ; Details                                                                             ;
+--------------+--------+----------+-------------------------------------------------------------------------------------+
; ADDR[15..10] ; Output ; Info     ; Connected to dangling logic. Logic that only feeds a dangling port will be removed. ;
+--------------+--------+----------+-------------------------------------------------------------------------------------+


+-----------------------------------------------------+
; Post-Synthesis Netlist Statistics for Top Partition ;
+-----------------------+-----------------------------+
; Type                  ; Count                       ;
+-----------------------+-----------------------------+
; boundary_port         ; 115                         ;
; cycloneiii_ff         ; 223                         ;
;     ENA               ; 166                         ;
;     ENA SCLR SLD      ; 26                          ;
;     plain             ; 31                          ;
; cycloneiii_lcell_comb ; 443                         ;
;     arith             ; 45                          ;
;         2 data inputs ; 15                          ;
;         3 data inputs ; 30                          ;
;     normal            ; 398                         ;
;         0 data inputs ; 2                           ;
;         1 data inputs ; 1                           ;
;         2 data inputs ; 10                          ;
;         3 data inputs ; 113                         ;
;         4 data inputs ; 272                         ;
;                       ;                             ;
; Max LUT depth         ; 12.50                       ;
; Average LUT depth     ; 8.49                        ;
+-----------------------+-----------------------------+


+-------------------------------+
; Elapsed Time Per Partition    ;
+----------------+--------------+
; Partition Name ; Elapsed Time ;
+----------------+--------------+
; Top            ; 00:00:00     ;
+----------------+--------------+


+-------------------------------+
; Analysis & Synthesis Messages ;
+-------------------------------+
Info: *******************************************************************
Info: Running Quartus Prime Analysis & Synthesis
    Info: Version 18.1.0 Build 625 09/12/2018 SJ Lite Edition
    Info: Processing started: Wed Mar 01 20:06:55 2023
Info: Command: quartus_map --read_settings_files=on --write_settings_files=off Lab5 -c Lab5
Warning (18236): Number of processors has not been specified which may cause overloading on shared machines.  Set the global assignment NUM_PARALLEL_PROCESSORS in your QSF to an appropriate value for best performance.
Info (20030): Parallel compilation is enabled and will use 4 of the 4 processors detected
Info (12021): Found 1 design units, including 1 entities, in source file files/test_memory.sv
    Info (12023): Found entity 1: test_memory File: C:/Users/mggam/Documents/Sophomore/Sem 2/ECE 385/Lab 5/Files/test_memory.sv Line: 26
Info (12021): Found 3 design units, including 3 entities, in source file files/synchronizers.sv
    Info (12023): Found entity 1: sync File: C:/Users/mggam/Documents/Sophomore/Sem 2/ECE 385/Lab 5/Files/synchronizers.sv Line: 7
    Info (12023): Found entity 2: sync_r0 File: C:/Users/mggam/Documents/Sophomore/Sem 2/ECE 385/Lab 5/Files/synchronizers.sv Line: 21
    Info (12023): Found entity 3: sync_r1 File: C:/Users/mggam/Documents/Sophomore/Sem 2/ECE 385/Lab 5/Files/synchronizers.sv Line: 42
Info (12021): Found 1 design units, including 1 entities, in source file files/slc3_testtop.sv
    Info (12023): Found entity 1: slc3_testtop File: C:/Users/mggam/Documents/Sophomore/Sem 2/ECE 385/Lab 5/Files/slc3_testtop.sv Line: 4
Info (12021): Found 1 design units, including 1 entities, in source file files/slc3_sramtop.sv
    Info (12023): Found entity 1: slc3_sramtop File: C:/Users/mggam/Documents/Sophomore/Sem 2/ECE 385/Lab 5/Files/slc3_sramtop.sv Line: 5
Info (12021): Found 1 design units, including 0 entities, in source file files/slc3_2.sv
    Info (12022): Found design unit 1: SLC3_2 (SystemVerilog) File: C:/Users/mggam/Documents/Sophomore/Sem 2/ECE 385/Lab 5/Files/SLC3_2.sv Line: 24
Info (12021): Found 1 design units, including 1 entities, in source file files/slc3.sv
    Info (12023): Found entity 1: slc3 File: C:/Users/mggam/Documents/Sophomore/Sem 2/ECE 385/Lab 5/Files/slc3.sv Line: 20
Info (12021): Found 1 design units, including 1 entities, in source file files/memory_contents.sv
    Info (12023): Found entity 1: memory_parser File: C:/Users/mggam/Documents/Sophomore/Sem 2/ECE 385/Lab 5/Files/memory_contents.sv Line: 19
Info (12021): Found 1 design units, including 1 entities, in source file files/mem2io.sv
    Info (12023): Found entity 1: Mem2IO File: C:/Users/mggam/Documents/Sophomore/Sem 2/ECE 385/Lab 5/Files/Mem2IO.sv Line: 16
Info (12021): Found 1 design units, including 1 entities, in source file files/isdu.sv
    Info (12023): Found entity 1: ISDU File: C:/Users/mggam/Documents/Sophomore/Sem 2/ECE 385/Lab 5/Files/ISDU.sv Line: 20
Info (12021): Found 1 design units, including 1 entities, in source file files/instantiateram.sv
    Info (12023): Found entity 1: Instantiateram File: C:/Users/mggam/Documents/Sophomore/Sem 2/ECE 385/Lab 5/Files/Instantiateram.sv Line: 18
Info (12021): Found 1 design units, including 1 entities, in source file files/hexdriver.sv
    Info (12023): Found entity 1: HexDriver File: C:/Users/mggam/Documents/Sophomore/Sem 2/ECE 385/Lab 5/Files/HexDriver.sv Line: 1
Info (12021): Found 1 design units, including 1 entities, in source file files/reg_16.sv
    Info (12023): Found entity 1: reg_16 File: C:/Users/mggam/Documents/Sophomore/Sem 2/ECE 385/Lab 5/Files/Reg_16.sv Line: 3
Info (12021): Found 3 design units, including 3 entities, in source file files/mux_16.sv
    Info (12023): Found entity 1: mux2_1_16 File: C:/Users/mggam/Documents/Sophomore/Sem 2/ECE 385/Lab 5/Files/MUX_16.sv Line: 5
    Info (12023): Found entity 2: mux4_1_16 File: C:/Users/mggam/Documents/Sophomore/Sem 2/ECE 385/Lab 5/Files/MUX_16.sv Line: 26
    Info (12023): Found entity 3: tristate_mux File: C:/Users/mggam/Documents/Sophomore/Sem 2/ECE 385/Lab 5/Files/MUX_16.sv Line: 48
Info (12021): Found 1 design units, including 1 entities, in source file files/mux_3.sv
    Info (12023): Found entity 1: mux2_1_3 File: C:/Users/mggam/Documents/Sophomore/Sem 2/ECE 385/Lab 5/Files/MUX_3.sv Line: 1
Info (12021): Found 1 design units, including 1 entities, in source file files/datapath.sv
    Info (12023): Found entity 1: datapath File: C:/Users/mggam/Documents/Sophomore/Sem 2/ECE 385/Lab 5/Files/datapath.sv Line: 4
Info (12021): Found 1 design units, including 1 entities, in source file files/testbench.sv
    Info (12023): Found entity 1: testbench File: C:/Users/mggam/Documents/Sophomore/Sem 2/ECE 385/Lab 5/Files/testbench.sv Line: 1
Info (12021): Found 1 design units, including 1 entities, in source file ram.v
    Info (12023): Found entity 1: ram File: C:/Users/mggam/Documents/Sophomore/Sem 2/ECE 385/Lab 5/ram.v Line: 39
Info (12021): Found 1 design units, including 1 entities, in source file files/addr_mux_unit.sv
    Info (12023): Found entity 1: ADDR_MUX_UNIT File: C:/Users/mggam/Documents/Sophomore/Sem 2/ECE 385/Lab 5/Files/addr_mux_unit.sv Line: 1
Info (12021): Found 1 design units, including 1 entities, in source file files/alu.sv
    Info (12023): Found entity 1: ALU File: C:/Users/mggam/Documents/Sophomore/Sem 2/ECE 385/Lab 5/Files/ALU.sv Line: 1
Info (12021): Found 1 design units, including 1 entities, in source file files/regfile.sv
    Info (12023): Found entity 1: REGFILE File: C:/Users/mggam/Documents/Sophomore/Sem 2/ECE 385/Lab 5/Files/REGFILE.sv Line: 1
Info (12021): Found 1 design units, including 1 entities, in source file files/branch_unit.sv
    Info (12023): Found entity 1: BRANCH_UNIT File: C:/Users/mggam/Documents/Sophomore/Sem 2/ECE 385/Lab 5/Files/BRANCH_UNIT.sv Line: 1
Info (12127): Elaborating entity "slc3_testtop" for the top level hierarchy
Info (12128): Elaborating entity "sync" for hierarchy "sync:button_sync[0]" File: C:/Users/mggam/Documents/Sophomore/Sem 2/ECE 385/Lab 5/Files/slc3_testtop.sv Line: 16
Info (12128): Elaborating entity "slc3" for hierarchy "slc3:slc" File: C:/Users/mggam/Documents/Sophomore/Sem 2/ECE 385/Lab 5/Files/slc3_testtop.sv Line: 30
Warning (10858): Verilog HDL warning at slc3.sv(81): object SRAM_WE_In used but never assigned File: C:/Users/mggam/Documents/Sophomore/Sem 2/ECE 385/Lab 5/Files/slc3.sv Line: 81
Warning (10036): Verilog HDL or VHDL warning at slc3.sv(81): object "SRAM_WE" assigned a value but never read File: C:/Users/mggam/Documents/Sophomore/Sem 2/ECE 385/Lab 5/Files/slc3.sv Line: 81
Warning (10034): Output port "LED" at slc3.sv(23) has no driver File: C:/Users/mggam/Documents/Sophomore/Sem 2/ECE 385/Lab 5/Files/slc3.sv Line: 23
Info (12128): Elaborating entity "HexDriver" for hierarchy "slc3:slc|HexDriver:hex_drivers[0]" File: C:/Users/mggam/Documents/Sophomore/Sem 2/ECE 385/Lab 5/Files/slc3.sv Line: 38
Info (12128): Elaborating entity "datapath" for hierarchy "slc3:slc|datapath:d0" File: C:/Users/mggam/Documents/Sophomore/Sem 2/ECE 385/Lab 5/Files/slc3.sv Line: 62
Info (12128): Elaborating entity "reg_16" for hierarchy "slc3:slc|datapath:d0|reg_16:PC_REG" File: C:/Users/mggam/Documents/Sophomore/Sem 2/ECE 385/Lab 5/Files/datapath.sv Line: 24
Info (12128): Elaborating entity "mux4_1_16" for hierarchy "slc3:slc|datapath:d0|mux4_1_16:PC_MUX" File: C:/Users/mggam/Documents/Sophomore/Sem 2/ECE 385/Lab 5/Files/datapath.sv Line: 30
Info (12128): Elaborating entity "mux2_1_16" for hierarchy "slc3:slc|datapath:d0|mux2_1_16:MDR_MUX" File: C:/Users/mggam/Documents/Sophomore/Sem 2/ECE 385/Lab 5/Files/datapath.sv Line: 33
Info (12128): Elaborating entity "BRANCH_UNIT" for hierarchy "slc3:slc|datapath:d0|BRANCH_UNIT:br_unit" File: C:/Users/mggam/Documents/Sophomore/Sem 2/ECE 385/Lab 5/Files/datapath.sv Line: 45
Info (12128): Elaborating entity "REGFILE" for hierarchy "slc3:slc|datapath:d0|REGFILE:registers" File: C:/Users/mggam/Documents/Sophomore/Sem 2/ECE 385/Lab 5/Files/datapath.sv Line: 49
Info (12128): Elaborating entity "mux2_1_3" for hierarchy "slc3:slc|datapath:d0|REGFILE:registers|mux2_1_3:SR1MUX_UNIT" File: C:/Users/mggam/Documents/Sophomore/Sem 2/ECE 385/Lab 5/Files/REGFILE.sv Line: 14
Info (12128): Elaborating entity "ADDR_MUX_UNIT" for hierarchy "slc3:slc|datapath:d0|ADDR_MUX_UNIT:adder_unit" File: C:/Users/mggam/Documents/Sophomore/Sem 2/ECE 385/Lab 5/Files/datapath.sv Line: 52
Info (12128): Elaborating entity "ALU" for hierarchy "slc3:slc|datapath:d0|ALU:alu_unit" File: C:/Users/mggam/Documents/Sophomore/Sem 2/ECE 385/Lab 5/Files/datapath.sv Line: 55
Info (12128): Elaborating entity "tristate_mux" for hierarchy "slc3:slc|datapath:d0|tristate_mux:tm1" File: C:/Users/mggam/Documents/Sophomore/Sem 2/ECE 385/Lab 5/Files/datapath.sv Line: 58
Info (10264): Verilog HDL Case Statement information at MUX_16.sv(58): all case item expressions in this case statement are onehot File: C:/Users/mggam/Documents/Sophomore/Sem 2/ECE 385/Lab 5/Files/MUX_16.sv Line: 58
Info (12128): Elaborating entity "Mem2IO" for hierarchy "slc3:slc|Mem2IO:memory_subsystem" File: C:/Users/mggam/Documents/Sophomore/Sem 2/ECE 385/Lab 5/Files/slc3.sv Line: 71
Info (12128): Elaborating entity "ISDU" for hierarchy "slc3:slc|ISDU:state_controller" File: C:/Users/mggam/Documents/Sophomore/Sem 2/ECE 385/Lab 5/Files/slc3.sv Line: 78
Warning (10272): Verilog HDL Case Statement warning at ISDU.sv(161): case item expression covers a value already covered by a previous case item File: C:/Users/mggam/Documents/Sophomore/Sem 2/ECE 385/Lab 5/Files/ISDU.sv Line: 161
Info (10264): Verilog HDL Case Statement information at ISDU.sv(223): all case item expressions in this case statement are onehot File: C:/Users/mggam/Documents/Sophomore/Sem 2/ECE 385/Lab 5/Files/ISDU.sv Line: 223
Info (12128): Elaborating entity "test_memory" for hierarchy "test_memory:mem" File: C:/Users/mggam/Documents/Sophomore/Sem 2/ECE 385/Lab 5/Files/slc3_testtop.sv Line: 31
Warning (10034): Output port "readout" at test_memory.sv(32) has no driver File: C:/Users/mggam/Documents/Sophomore/Sem 2/ECE 385/Lab 5/Files/test_memory.sv Line: 32
Info (12128): Elaborating entity "memory_parser" for hierarchy "test_memory:mem|memory_parser:parser" File: C:/Users/mggam/Documents/Sophomore/Sem 2/ECE 385/Lab 5/Files/test_memory.sv Line: 71
Warning (12158): Entity "memory_parser" contains only dangling pins File: C:/Users/mggam/Documents/Sophomore/Sem 2/ECE 385/Lab 5/Files/test_memory.sv Line: 71
Warning (13046): Tri-state node(s) do not directly drive top-level pin(s)
    Warning (13049): Converted tri-state buffer "slc3:slc|datapath:d0|tristate_mux:tm1|Q_Out[0]" feeding internal logic into a wire File: C:/Users/mggam/Documents/Sophomore/Sem 2/ECE 385/Lab 5/Files/MUX_16.sv Line: 54
    Warning (13049): Converted tri-state buffer "slc3:slc|datapath:d0|tristate_mux:tm1|Q_Out[1]" feeding internal logic into a wire File: C:/Users/mggam/Documents/Sophomore/Sem 2/ECE 385/Lab 5/Files/MUX_16.sv Line: 54
    Warning (13049): Converted tri-state buffer "slc3:slc|datapath:d0|tristate_mux:tm1|Q_Out[2]" feeding internal logic into a wire File: C:/Users/mggam/Documents/Sophomore/Sem 2/ECE 385/Lab 5/Files/MUX_16.sv Line: 54
    Warning (13049): Converted tri-state buffer "slc3:slc|datapath:d0|tristate_mux:tm1|Q_Out[3]" feeding internal logic into a wire File: C:/Users/mggam/Documents/Sophomore/Sem 2/ECE 385/Lab 5/Files/MUX_16.sv Line: 54
    Warning (13049): Converted tri-state buffer "slc3:slc|datapath:d0|tristate_mux:tm1|Q_Out[4]" feeding internal logic into a wire File: C:/Users/mggam/Documents/Sophomore/Sem 2/ECE 385/Lab 5/Files/MUX_16.sv Line: 54
    Warning (13049): Converted tri-state buffer "slc3:slc|datapath:d0|tristate_mux:tm1|Q_Out[5]" feeding internal logic into a wire File: C:/Users/mggam/Documents/Sophomore/Sem 2/ECE 385/Lab 5/Files/MUX_16.sv Line: 54
    Warning (13049): Converted tri-state buffer "slc3:slc|datapath:d0|tristate_mux:tm1|Q_Out[6]" feeding internal logic into a wire File: C:/Users/mggam/Documents/Sophomore/Sem 2/ECE 385/Lab 5/Files/MUX_16.sv Line: 54
    Warning (13049): Converted tri-state buffer "slc3:slc|datapath:d0|tristate_mux:tm1|Q_Out[7]" feeding internal logic into a wire File: C:/Users/mggam/Documents/Sophomore/Sem 2/ECE 385/Lab 5/Files/MUX_16.sv Line: 54
    Warning (13049): Converted tri-state buffer "slc3:slc|datapath:d0|tristate_mux:tm1|Q_Out[8]" feeding internal logic into a wire File: C:/Users/mggam/Documents/Sophomore/Sem 2/ECE 385/Lab 5/Files/MUX_16.sv Line: 54
    Warning (13049): Converted tri-state buffer "slc3:slc|datapath:d0|tristate_mux:tm1|Q_Out[9]" feeding internal logic into a wire File: C:/Users/mggam/Documents/Sophomore/Sem 2/ECE 385/Lab 5/Files/MUX_16.sv Line: 54
    Warning (13049): Converted tri-state buffer "slc3:slc|datapath:d0|tristate_mux:tm1|Q_Out[10]" feeding internal logic into a wire File: C:/Users/mggam/Documents/Sophomore/Sem 2/ECE 385/Lab 5/Files/MUX_16.sv Line: 54
    Warning (13049): Converted tri-state buffer "slc3:slc|datapath:d0|tristate_mux:tm1|Q_Out[11]" feeding internal logic into a wire File: C:/Users/mggam/Documents/Sophomore/Sem 2/ECE 385/Lab 5/Files/MUX_16.sv Line: 54
    Warning (13049): Converted tri-state buffer "slc3:slc|datapath:d0|tristate_mux:tm1|Q_Out[12]" feeding internal logic into a wire File: C:/Users/mggam/Documents/Sophomore/Sem 2/ECE 385/Lab 5/Files/MUX_16.sv Line: 54
    Warning (13049): Converted tri-state buffer "slc3:slc|datapath:d0|tristate_mux:tm1|Q_Out[13]" feeding internal logic into a wire File: C:/Users/mggam/Documents/Sophomore/Sem 2/ECE 385/Lab 5/Files/MUX_16.sv Line: 54
    Warning (13049): Converted tri-state buffer "slc3:slc|datapath:d0|tristate_mux:tm1|Q_Out[14]" feeding internal logic into a wire File: C:/Users/mggam/Documents/Sophomore/Sem 2/ECE 385/Lab 5/Files/MUX_16.sv Line: 54
    Warning (13049): Converted tri-state buffer "slc3:slc|datapath:d0|tristate_mux:tm1|Q_Out[15]" feeding internal logic into a wire File: C:/Users/mggam/Documents/Sophomore/Sem 2/ECE 385/Lab 5/Files/MUX_16.sv Line: 54
    Warning (13049): Converted tri-state buffer "slc3:slc|datapath:d0|ALU:alu_unit|ALU_OUT[0]" feeding internal logic into a wire File: C:/Users/mggam/Documents/Sophomore/Sem 2/ECE 385/Lab 5/Files/ALU.sv Line: 7
    Warning (13049): Converted tri-state buffer "slc3:slc|datapath:d0|ALU:alu_unit|ALU_OUT[1]" feeding internal logic into a wire File: C:/Users/mggam/Documents/Sophomore/Sem 2/ECE 385/Lab 5/Files/ALU.sv Line: 7
    Warning (13049): Converted tri-state buffer "slc3:slc|datapath:d0|ALU:alu_unit|ALU_OUT[2]" feeding internal logic into a wire File: C:/Users/mggam/Documents/Sophomore/Sem 2/ECE 385/Lab 5/Files/ALU.sv Line: 7
    Warning (13049): Converted tri-state buffer "slc3:slc|datapath:d0|ALU:alu_unit|ALU_OUT[3]" feeding internal logic into a wire File: C:/Users/mggam/Documents/Sophomore/Sem 2/ECE 385/Lab 5/Files/ALU.sv Line: 7
    Warning (13049): Converted tri-state buffer "slc3:slc|datapath:d0|ALU:alu_unit|ALU_OUT[4]" feeding internal logic into a wire File: C:/Users/mggam/Documents/Sophomore/Sem 2/ECE 385/Lab 5/Files/ALU.sv Line: 7
    Warning (13049): Converted tri-state buffer "slc3:slc|datapath:d0|ALU:alu_unit|ALU_OUT[5]" feeding internal logic into a wire File: C:/Users/mggam/Documents/Sophomore/Sem 2/ECE 385/Lab 5/Files/ALU.sv Line: 7
    Warning (13049): Converted tri-state buffer "slc3:slc|datapath:d0|ALU:alu_unit|ALU_OUT[6]" feeding internal logic into a wire File: C:/Users/mggam/Documents/Sophomore/Sem 2/ECE 385/Lab 5/Files/ALU.sv Line: 7
    Warning (13049): Converted tri-state buffer "slc3:slc|datapath:d0|ALU:alu_unit|ALU_OUT[7]" feeding internal logic into a wire File: C:/Users/mggam/Documents/Sophomore/Sem 2/ECE 385/Lab 5/Files/ALU.sv Line: 7
    Warning (13049): Converted tri-state buffer "slc3:slc|datapath:d0|ALU:alu_unit|ALU_OUT[8]" feeding internal logic into a wire File: C:/Users/mggam/Documents/Sophomore/Sem 2/ECE 385/Lab 5/Files/ALU.sv Line: 7
    Warning (13049): Converted tri-state buffer "slc3:slc|datapath:d0|ALU:alu_unit|ALU_OUT[9]" feeding internal logic into a wire File: C:/Users/mggam/Documents/Sophomore/Sem 2/ECE 385/Lab 5/Files/ALU.sv Line: 7
    Warning (13049): Converted tri-state buffer "slc3:slc|datapath:d0|ALU:alu_unit|ALU_OUT[10]" feeding internal logic into a wire File: C:/Users/mggam/Documents/Sophomore/Sem 2/ECE 385/Lab 5/Files/ALU.sv Line: 7
    Warning (13049): Converted tri-state buffer "slc3:slc|datapath:d0|ALU:alu_unit|ALU_OUT[11]" feeding internal logic into a wire File: C:/Users/mggam/Documents/Sophomore/Sem 2/ECE 385/Lab 5/Files/ALU.sv Line: 7
    Warning (13049): Converted tri-state buffer "slc3:slc|datapath:d0|ALU:alu_unit|ALU_OUT[12]" feeding internal logic into a wire File: C:/Users/mggam/Documents/Sophomore/Sem 2/ECE 385/Lab 5/Files/ALU.sv Line: 7
    Warning (13049): Converted tri-state buffer "slc3:slc|datapath:d0|ALU:alu_unit|ALU_OUT[13]" feeding internal logic into a wire File: C:/Users/mggam/Documents/Sophomore/Sem 2/ECE 385/Lab 5/Files/ALU.sv Line: 7
    Warning (13049): Converted tri-state buffer "slc3:slc|datapath:d0|ALU:alu_unit|ALU_OUT[14]" feeding internal logic into a wire File: C:/Users/mggam/Documents/Sophomore/Sem 2/ECE 385/Lab 5/Files/ALU.sv Line: 7
    Warning (13049): Converted tri-state buffer "slc3:slc|datapath:d0|ALU:alu_unit|ALU_OUT[15]" feeding internal logic into a wire File: C:/Users/mggam/Documents/Sophomore/Sem 2/ECE 385/Lab 5/Files/ALU.sv Line: 7
Warning (13024): Output pins are stuck at VCC or GND
    Warning (13410): Pin "LED[0]" is stuck at GND File: C:/Users/mggam/Documents/Sophomore/Sem 2/ECE 385/Lab 5/Files/slc3_testtop.sv Line: 7
    Warning (13410): Pin "LED[1]" is stuck at GND File: C:/Users/mggam/Documents/Sophomore/Sem 2/ECE 385/Lab 5/Files/slc3_testtop.sv Line: 7
    Warning (13410): Pin "LED[2]" is stuck at GND File: C:/Users/mggam/Documents/Sophomore/Sem 2/ECE 385/Lab 5/Files/slc3_testtop.sv Line: 7
    Warning (13410): Pin "LED[3]" is stuck at GND File: C:/Users/mggam/Documents/Sophomore/Sem 2/ECE 385/Lab 5/Files/slc3_testtop.sv Line: 7
    Warning (13410): Pin "LED[4]" is stuck at GND File: C:/Users/mggam/Documents/Sophomore/Sem 2/ECE 385/Lab 5/Files/slc3_testtop.sv Line: 7
    Warning (13410): Pin "LED[5]" is stuck at GND File: C:/Users/mggam/Documents/Sophomore/Sem 2/ECE 385/Lab 5/Files/slc3_testtop.sv Line: 7
    Warning (13410): Pin "LED[6]" is stuck at GND File: C:/Users/mggam/Documents/Sophomore/Sem 2/ECE 385/Lab 5/Files/slc3_testtop.sv Line: 7
    Warning (13410): Pin "LED[7]" is stuck at GND File: C:/Users/mggam/Documents/Sophomore/Sem 2/ECE 385/Lab 5/Files/slc3_testtop.sv Line: 7
    Warning (13410): Pin "LED[8]" is stuck at GND File: C:/Users/mggam/Documents/Sophomore/Sem 2/ECE 385/Lab 5/Files/slc3_testtop.sv Line: 7
    Warning (13410): Pin "LED[9]" is stuck at GND File: C:/Users/mggam/Documents/Sophomore/Sem 2/ECE 385/Lab 5/Files/slc3_testtop.sv Line: 7
    Warning (13410): Pin "HEX0[0]" is stuck at GND File: C:/Users/mggam/Documents/Sophomore/Sem 2/ECE 385/Lab 5/Files/slc3_testtop.sv Line: 8
    Warning (13410): Pin "HEX0[1]" is stuck at GND File: C:/Users/mggam/Documents/Sophomore/Sem 2/ECE 385/Lab 5/Files/slc3_testtop.sv Line: 8
    Warning (13410): Pin "HEX0[2]" is stuck at GND File: C:/Users/mggam/Documents/Sophomore/Sem 2/ECE 385/Lab 5/Files/slc3_testtop.sv Line: 8
    Warning (13410): Pin "HEX0[3]" is stuck at GND File: C:/Users/mggam/Documents/Sophomore/Sem 2/ECE 385/Lab 5/Files/slc3_testtop.sv Line: 8
    Warning (13410): Pin "HEX0[4]" is stuck at GND File: C:/Users/mggam/Documents/Sophomore/Sem 2/ECE 385/Lab 5/Files/slc3_testtop.sv Line: 8
    Warning (13410): Pin "HEX0[5]" is stuck at GND File: C:/Users/mggam/Documents/Sophomore/Sem 2/ECE 385/Lab 5/Files/slc3_testtop.sv Line: 8
    Warning (13410): Pin "HEX0[6]" is stuck at VCC File: C:/Users/mggam/Documents/Sophomore/Sem 2/ECE 385/Lab 5/Files/slc3_testtop.sv Line: 8
    Warning (13410): Pin "HEX1[0]" is stuck at GND File: C:/Users/mggam/Documents/Sophomore/Sem 2/ECE 385/Lab 5/Files/slc3_testtop.sv Line: 8
    Warning (13410): Pin "HEX1[1]" is stuck at GND File: C:/Users/mggam/Documents/Sophomore/Sem 2/ECE 385/Lab 5/Files/slc3_testtop.sv Line: 8
    Warning (13410): Pin "HEX1[2]" is stuck at GND File: C:/Users/mggam/Documents/Sophomore/Sem 2/ECE 385/Lab 5/Files/slc3_testtop.sv Line: 8
    Warning (13410): Pin "HEX1[3]" is stuck at GND File: C:/Users/mggam/Documents/Sophomore/Sem 2/ECE 385/Lab 5/Files/slc3_testtop.sv Line: 8
    Warning (13410): Pin "HEX1[4]" is stuck at GND File: C:/Users/mggam/Documents/Sophomore/Sem 2/ECE 385/Lab 5/Files/slc3_testtop.sv Line: 8
    Warning (13410): Pin "HEX1[5]" is stuck at GND File: C:/Users/mggam/Documents/Sophomore/Sem 2/ECE 385/Lab 5/Files/slc3_testtop.sv Line: 8
    Warning (13410): Pin "HEX1[6]" is stuck at VCC File: C:/Users/mggam/Documents/Sophomore/Sem 2/ECE 385/Lab 5/Files/slc3_testtop.sv Line: 8
    Warning (13410): Pin "HEX2[0]" is stuck at GND File: C:/Users/mggam/Documents/Sophomore/Sem 2/ECE 385/Lab 5/Files/slc3_testtop.sv Line: 8
    Warning (13410): Pin "HEX2[1]" is stuck at GND File: C:/Users/mggam/Documents/Sophomore/Sem 2/ECE 385/Lab 5/Files/slc3_testtop.sv Line: 8
    Warning (13410): Pin "HEX2[2]" is stuck at GND File: C:/Users/mggam/Documents/Sophomore/Sem 2/ECE 385/Lab 5/Files/slc3_testtop.sv Line: 8
    Warning (13410): Pin "HEX2[3]" is stuck at GND File: C:/Users/mggam/Documents/Sophomore/Sem 2/ECE 385/Lab 5/Files/slc3_testtop.sv Line: 8
    Warning (13410): Pin "HEX2[4]" is stuck at GND File: C:/Users/mggam/Documents/Sophomore/Sem 2/ECE 385/Lab 5/Files/slc3_testtop.sv Line: 8
    Warning (13410): Pin "HEX2[5]" is stuck at GND File: C:/Users/mggam/Documents/Sophomore/Sem 2/ECE 385/Lab 5/Files/slc3_testtop.sv Line: 8
    Warning (13410): Pin "HEX2[6]" is stuck at VCC File: C:/Users/mggam/Documents/Sophomore/Sem 2/ECE 385/Lab 5/Files/slc3_testtop.sv Line: 8
    Warning (13410): Pin "HEX3[0]" is stuck at GND File: C:/Users/mggam/Documents/Sophomore/Sem 2/ECE 385/Lab 5/Files/slc3_testtop.sv Line: 8
    Warning (13410): Pin "HEX3[1]" is stuck at GND File: C:/Users/mggam/Documents/Sophomore/Sem 2/ECE 385/Lab 5/Files/slc3_testtop.sv Line: 8
    Warning (13410): Pin "HEX3[2]" is stuck at GND File: C:/Users/mggam/Documents/Sophomore/Sem 2/ECE 385/Lab 5/Files/slc3_testtop.sv Line: 8
    Warning (13410): Pin "HEX3[3]" is stuck at GND File: C:/Users/mggam/Documents/Sophomore/Sem 2/ECE 385/Lab 5/Files/slc3_testtop.sv Line: 8
    Warning (13410): Pin "HEX3[4]" is stuck at GND File: C:/Users/mggam/Documents/Sophomore/Sem 2/ECE 385/Lab 5/Files/slc3_testtop.sv Line: 8
    Warning (13410): Pin "HEX3[5]" is stuck at GND File: C:/Users/mggam/Documents/Sophomore/Sem 2/ECE 385/Lab 5/Files/slc3_testtop.sv Line: 8
    Warning (13410): Pin "HEX3[6]" is stuck at VCC File: C:/Users/mggam/Documents/Sophomore/Sem 2/ECE 385/Lab 5/Files/slc3_testtop.sv Line: 8
Info (286030): Timing-Driven Synthesis is running
Info (17049): 5 registers lost all their fanouts during netlist optimizations.
Warning (20013): Ignored 24 assignments for entity "mult_toplevel" -- entity does not exist in design
    Warning (20014): Assignment for entity set_instance_assignment -name PARTITION_HIERARCHY root_partition -to | -entity mult_toplevel -section_id Top was ignored
    Warning (20014): Assignment for entity set_global_assignment -name PARTITION_NETLIST_TYPE SOURCE -entity mult_toplevel -section_id Top was ignored
    Warning (20014): Assignment for entity set_global_assignment -name PARTITION_FITTER_PRESERVATION_LEVEL PLACEMENT_AND_ROUTING -entity mult_toplevel -section_id Top was ignored
    Warning (20014): Assignment for entity set_global_assignment -name PARTITION_PRESERVE_HIGH_SPEED_TILES ON -entity mult_toplevel -section_id Top was ignored
    Warning (20014): Assignment for entity set_global_assignment -name PARTITION_IGNORE_SOURCE_FILE_CHANGES OFF -entity mult_toplevel -section_id Top was ignored
    Warning (20014): Assignment for entity set_global_assignment -name PARTITION_ALWAYS_USE_QXP_NETLIST OFF -entity mult_toplevel -section_id Top was ignored
    Warning (20014): Assignment for entity set_global_assignment -name PARTITION_COLOR 16764057 -entity mult_toplevel -section_id Top was ignored
    Warning (20014): Assignment for entity set_global_assignment -name PARTITION_IMPORT_ASSIGNMENTS ON -entity mult_toplevel -section_id Top was ignored
    Warning (20014): Assignment for entity set_global_assignment -name PARTITION_IMPORT_EXISTING_ASSIGNMENTS REPLACE_CONFLICTING -entity mult_toplevel -section_id Top was ignored
    Warning (20014): Assignment for entity set_global_assignment -name PARTITION_IMPORT_EXISTING_LOGICLOCK_REGIONS UPDATE_CONFLICTING -entity mult_toplevel -section_id Top was ignored
    Warning (20014): Assignment for entity set_global_assignment -name PARTITION_IMPORT_PIN_ASSIGNMENTS ON -entity mult_toplevel -section_id Top was ignored
    Warning (20014): Assignment for entity set_global_assignment -name PARTITION_IMPORT_PROMOTE_ASSIGNMENTS ON -entity mult_toplevel -section_id Top was ignored
    Warning (20014): Assignment for entity set_global_assignment -name PARTITION_TYPE STANDARD_PARTITION -entity mult_toplevel -section_id Top was ignored
    Warning (20014): Assignment for entity set_global_assignment -name ALLOW_MULTIPLE_PERSONAS OFF -entity mult_toplevel -section_id Top was ignored
    Warning (20014): Assignment for entity set_global_assignment -name PARTITION_ASD_REGION_ID 1 -entity mult_toplevel -section_id Top was ignored
    Warning (20014): Assignment for entity set_global_assignment -name CROSS_BOUNDARY_OPTIMIZATIONS OFF -entity mult_toplevel -section_id Top was ignored
    Warning (20014): Assignment for entity set_global_assignment -name PROPAGATE_CONSTANTS_ON_INPUTS ON -entity mult_toplevel -section_id Top was ignored
    Warning (20014): Assignment for entity set_global_assignment -name PROPAGATE_INVERSIONS_ON_INPUTS ON -entity mult_toplevel -section_id Top was ignored
    Warning (20014): Assignment for entity set_global_assignment -name REMOVE_LOGIC_ON_UNCONNECTED_OUTPUTS ON -entity mult_toplevel -section_id Top was ignored
    Warning (20014): Assignment for entity set_global_assignment -name MERGE_EQUIVALENT_INPUTS ON -entity mult_toplevel -section_id Top was ignored
    Warning (20014): Assignment for entity set_global_assignment -name MERGE_EQUIVALENT_BIDIRS ON -entity mult_toplevel -section_id Top was ignored
    Warning (20014): Assignment for entity set_global_assignment -name ABSORB_PATHS_FROM_OUTPUTS_TO_INPUTS ON -entity mult_toplevel -section_id Top was ignored
    Warning (20014): Assignment for entity set_global_assignment -name PARTITION_EXTRACT_HARD_BLOCK_NODES ON -entity mult_toplevel -section_id Top was ignored
    Warning (20014): Assignment for entity set_global_assignment -name PARTITION_ENABLE_STRICT_PRESERVATION OFF -entity mult_toplevel -section_id Top was ignored
Warning (20013): Ignored 24 assignments for entity "ripple_adder" -- entity does not exist in design
    Warning (20014): Assignment for entity set_instance_assignment -name PARTITION_HIERARCHY root_partition -to | -entity ripple_adder -section_id Top was ignored
    Warning (20014): Assignment for entity set_global_assignment -name PARTITION_NETLIST_TYPE SOURCE -entity ripple_adder -section_id Top was ignored
    Warning (20014): Assignment for entity set_global_assignment -name PARTITION_FITTER_PRESERVATION_LEVEL PLACEMENT_AND_ROUTING -entity ripple_adder -section_id Top was ignored
    Warning (20014): Assignment for entity set_global_assignment -name PARTITION_PRESERVE_HIGH_SPEED_TILES ON -entity ripple_adder -section_id Top was ignored
    Warning (20014): Assignment for entity set_global_assignment -name PARTITION_IGNORE_SOURCE_FILE_CHANGES OFF -entity ripple_adder -section_id Top was ignored
    Warning (20014): Assignment for entity set_global_assignment -name PARTITION_ALWAYS_USE_QXP_NETLIST OFF -entity ripple_adder -section_id Top was ignored
    Warning (20014): Assignment for entity set_global_assignment -name PARTITION_COLOR 16764057 -entity ripple_adder -section_id Top was ignored
    Warning (20014): Assignment for entity set_global_assignment -name PARTITION_IMPORT_ASSIGNMENTS ON -entity ripple_adder -section_id Top was ignored
    Warning (20014): Assignment for entity set_global_assignment -name PARTITION_IMPORT_EXISTING_ASSIGNMENTS REPLACE_CONFLICTING -entity ripple_adder -section_id Top was ignored
    Warning (20014): Assignment for entity set_global_assignment -name PARTITION_IMPORT_EXISTING_LOGICLOCK_REGIONS UPDATE_CONFLICTING -entity ripple_adder -section_id Top was ignored
    Warning (20014): Assignment for entity set_global_assignment -name PARTITION_IMPORT_PIN_ASSIGNMENTS ON -entity ripple_adder -section_id Top was ignored
    Warning (20014): Assignment for entity set_global_assignment -name PARTITION_IMPORT_PROMOTE_ASSIGNMENTS ON -entity ripple_adder -section_id Top was ignored
    Warning (20014): Assignment for entity set_global_assignment -name PARTITION_TYPE STANDARD_PARTITION -entity ripple_adder -section_id Top was ignored
    Warning (20014): Assignment for entity set_global_assignment -name ALLOW_MULTIPLE_PERSONAS OFF -entity ripple_adder -section_id Top was ignored
    Warning (20014): Assignment for entity set_global_assignment -name PARTITION_ASD_REGION_ID 1 -entity ripple_adder -section_id Top was ignored
    Warning (20014): Assignment for entity set_global_assignment -name CROSS_BOUNDARY_OPTIMIZATIONS OFF -entity ripple_adder -section_id Top was ignored
    Warning (20014): Assignment for entity set_global_assignment -name PROPAGATE_CONSTANTS_ON_INPUTS ON -entity ripple_adder -section_id Top was ignored
    Warning (20014): Assignment for entity set_global_assignment -name PROPAGATE_INVERSIONS_ON_INPUTS ON -entity ripple_adder -section_id Top was ignored
    Warning (20014): Assignment for entity set_global_assignment -name REMOVE_LOGIC_ON_UNCONNECTED_OUTPUTS ON -entity ripple_adder -section_id Top was ignored
    Warning (20014): Assignment for entity set_global_assignment -name MERGE_EQUIVALENT_INPUTS ON -entity ripple_adder -section_id Top was ignored
    Warning (20014): Assignment for entity set_global_assignment -name MERGE_EQUIVALENT_BIDIRS ON -entity ripple_adder -section_id Top was ignored
    Warning (20014): Assignment for entity set_global_assignment -name ABSORB_PATHS_FROM_OUTPUTS_TO_INPUTS ON -entity ripple_adder -section_id Top was ignored
    Warning (20014): Assignment for entity set_global_assignment -name PARTITION_EXTRACT_HARD_BLOCK_NODES ON -entity ripple_adder -section_id Top was ignored
    Warning (20014): Assignment for entity set_global_assignment -name PARTITION_ENABLE_STRICT_PRESERVATION OFF -entity ripple_adder -section_id Top was ignored
Info (144001): Generated suppressed messages file C:/Users/mggam/Documents/Sophomore/Sem 2/ECE 385/Lab 5/output_files/Lab5.map.smsg
Info (16010): Generating hard_block partition "hard_block:auto_generated_inst"
    Info (16011): Adding 0 node(s), including 0 DDIO, 0 PLL, 0 transceiver and 0 LCELL
Info (21057): Implemented 729 device resources after synthesis - the final resource count might be different
    Info (21058): Implemented 13 input pins
    Info (21059): Implemented 102 output pins
    Info (21061): Implemented 614 logic cells
Info: Quartus Prime Analysis & Synthesis was successful. 0 errors, 129 warnings
    Info: Peak virtual memory: 4759 megabytes
    Info: Processing ended: Wed Mar 01 20:07:04 2023
    Info: Elapsed time: 00:00:09
    Info: Total CPU time (on all processors): 00:00:06


+------------------------------------------+
; Analysis & Synthesis Suppressed Messages ;
+------------------------------------------+
The suppressed messages can be found in C:/Users/mggam/Documents/Sophomore/Sem 2/ECE 385/Lab 5/output_files/Lab5.map.smsg.


