17:17:38 **** Incremental Build of configuration Nios II for project Lab72 ****
make all 
Info: Building ../Lab72_bsp/
C:/intelFPGA_lite/18.1/nios2eds/bin/gnu/H-x86_64-mingw32/bin/make --no-print-directory -C ../Lab72_bsp/
[BSP build complete]
Info: Compiling main.c to obj/default/main.o
nios2-elf-gcc -xc -MP -MMD -c -I../Lab72_bsp//HAL/inc -I../Lab72_bsp/ -I../Lab72_bsp//drivers/inc  -pipe -D__hal__ -DALT_NO_INSTRUCTION_EMULATION -DALT_SINGLE_THREADED    -O0 -g -Wall   -mno-hw-div -mno-hw-mul -mno-hw-mulx -mgpopt=global  -o obj/default/main.o main.c
In file included from main.c:1:0:
../Lab72_bsp/system.h:189:41: warning: initialization makes pointer from integer without a cast [-Wint-conversion]
 #define VGA_TEXT_MODE_CONTROLLER_0_BASE 0x8004000
                                         ^
text_mode_vga_color.h:35:52: note: in expansion of macro 'VGA_TEXT_MODE_CONTROLLER_0_BASE'
 static volatile struct TEXT_VGA_STRUCT* vga_ctrl = VGA_TEXT_MODE_CONTROLLER_0_BASE;
                                                    ^
main.c:8:6: warning: return type of 'main' is not 'int' [-Wmain]
 void main(){
      ^
main.c: In function 'main':
main.c:9:2: warning: implicit declaration of function 'paletteTest' [-Wimplicit-function-declaration]
  paletteTest();
  ^
In file included from main.c:6:0:
main.c: At top level:
text_mode_vga_color.h:35:41: warning: 'vga_ctrl' defined but not used [-Wunused-variable]
 static volatile struct TEXT_VGA_STRUCT* vga_ctrl = VGA_TEXT_MODE_CONTROLLER_0_BASE;
                                         ^
text_mode_vga_color.h:38:21: warning: 'colors' defined but not used [-Wunused-variable]
 static struct COLOR colors[]={
                     ^
Info: Linking Lab72.elf
nios2-elf-g++  -T'../Lab72_bsp//linker.x' -msys-crt0='../Lab72_bsp//obj/HAL/src/crt0.o' -msys-lib=hal_bsp -L../Lab72_bsp/   -Wl,-Map=Lab72.map   -O0 -g -Wall   -mno-hw-div -mno-hw-mul -mno-hw-mulx -mgpopt=global  -o Lab72.elf obj/default/main.o obj/default/palette_test.o obj/default/text_mode_vga_color.o -lm -msys-lib=m
nios2-elf-insert Lab72.elf --thread_model hal --cpu_name nios2_gen2_0 --qsys true --simulation_enabled false --id 0 --sidp 0x80091f0 --timestamp 1680637910 --stderr_dev jtag_uart_0 --stdin_dev jtag_uart_0 --stdout_dev jtag_uart_0 --sopc_system_name lab72_soc --quartus_project_dir "C:/Users/mggam/Downloads" --sopcinfo C:/Users/mggam/Downloads/software/Lab72_bsp/../../lab72_soc.sopcinfo
Info: (Lab72.elf) 65 KBytes program size (code + initialized data).
Info:             65462 KBytes free for stack + heap.
Info: Creating Lab72.objdump
nios2-elf-objdump --disassemble --syms --all-header --source Lab72.elf >Lab72.objdump
[Lab72 build complete]

17:17:40 Build Finished (took 2s.361ms)

